<?xml version="1.0" encoding="UTF-8"?>
<!-- Generated by org.testng.reporters.JUnitXMLReporter -->
<testsuite ignored="1" hostname="DESKTOP-BBKAIS2" failures="0" tests="15" name="Test_a" time="293.163" errors="0" timestamp="2022-07-19T12:00:45 IST">
  <testcase classname="test_testNG.test_1" name="test_1" time="0.022"/>
  <testcase classname="test_testNG.test_1" name="test_2" time="0.013"/>
  <testcase classname="test_testNG.test_1" name="test_3" time="0.003"/>
  <testcase classname="test_testNG.test_1" name="test_4" time="0.003"/>
  <testcase classname="test_testNG.test_2" name="test_1" time="14.37"/>
  <testcase classname="test_testNG.test_2" name="test_2" time="1.563"/>
  <testcase classname="test_testNG.test_3" name="test_4" time="2.688"/>
  <testcase classname="test_testNG.test_4" name="test_4" time="0.006"/>
  <testcase classname="test_testNG.test_4" name="test_3" time="0.005"/>
  <testcase classname="test_testNG.test_4" name="test_3" time="0.003"/>
  <testcase classname="test_testNG.test_4" name="test_3" time="0.003"/>
  <testcase classname="test_testNG.test_4" name="test_2" time="0.002"/>
  <testcase classname="test_testNG.test_4" name="test_1" time="0.003"/>
  <testcase classname="test_testNG.test_5" name="test_1" time="4.737"/>
  <testcase classname="test_testNG.test_5" name="test_2" time="5.04"/>
  <testcase classname="test_testNG.test_5" name="test_3" time="0.0">
    <ignored/>
  </testcase> <!-- test_3 -->
</testsuite> <!-- Test_a -->
