<?xml version="1.0" encoding="UTF-8"?>
<testng-results ignored="0" total="1" passed="1" failed="0" skipped="0">
  <reporter-output>
  </reporter-output>
  <suite started-at="2022-07-21T23:35:49 IST" name="Default suite" finished-at="2022-07-21T23:36:04 IST" duration-ms="14778">
    <groups>
    </groups>
    <test started-at="2022-07-21T23:35:49 IST" name="Default test" finished-at="2022-07-21T23:36:04 IST" duration-ms="14778">
      <class name="test_testNG.logininstapom">
        <test-method signature="m1()[pri:0, instance:test_testNG.logininstapom@34b7ac2f]" started-at="2022-07-21T23:35:49 IST" name="m1" finished-at="2022-07-21T23:36:04 IST" duration-ms="14661" status="PASS">
          <reporter-output>
          </reporter-output>
        </test-method> <!-- m1 -->
      </class> <!-- test_testNG.logininstapom -->
    </test> <!-- Default test -->
  </suite> <!-- Default suite -->
</testng-results>
